0 info it worked if it ends with ok
1 verbose cli [ 'C:\\Program Files (x86)\\nodejs\\node.exe',
1 verbose cli   'C:\\Program Files (x86)\\nodejs\\node_modules\\npm\\bin\\npm-cli.js',
1 verbose cli   'install' ]
2 info using npm@1.4.23
3 info using node@v0.10.31
4 warn package.json notifsta_webclient@0.0.1 No repository field.
5 verbose readDependencies using package.json deps
6 verbose install where, deps [ 'C:\\Users\\Anthony\\Documents\\GitHub\\notifsta_webclient',
6 verbose install   [ 'grunt',
6 verbose install     'grunt-angular-templates',
6 verbose install     'grunt-contrib-concat',
6 verbose install     'grunt-contrib-cssmin',
6 verbose install     'grunt-contrib-uglify',
6 verbose install     'grunt-ng-annotate',
6 verbose install     'grunt-usemin' ] ]
7 info preinstall notifsta_webclient@0.0.1
8 verbose readDependencies using package.json deps
9 verbose already installed skipping grunt@^0.4.5 C:\Users\Anthony\Documents\GitHub\notifsta_webclient
10 verbose already installed skipping grunt-angular-templates@^0.5.7 C:\Users\Anthony\Documents\GitHub\notifsta_webclient
11 verbose already installed skipping grunt-contrib-concat@^0.5.1 C:\Users\Anthony\Documents\GitHub\notifsta_webclient
12 verbose already installed skipping grunt-contrib-cssmin@^0.12.2 C:\Users\Anthony\Documents\GitHub\notifsta_webclient
13 verbose already installed skipping grunt-contrib-uglify@^0.8.0 C:\Users\Anthony\Documents\GitHub\notifsta_webclient
14 verbose already installed skipping grunt-ng-annotate@^0.10.0 C:\Users\Anthony\Documents\GitHub\notifsta_webclient
15 verbose already installed skipping grunt-usemin@^3.0.0 C:\Users\Anthony\Documents\GitHub\notifsta_webclient
16 silly resolved []
17 info build C:\Users\Anthony\Documents\GitHub\notifsta_webclient
18 verbose linkStuff [ false, false, false, 'C:\\Users\\Anthony\\Documents\\GitHub' ]
19 info linkStuff notifsta_webclient@0.0.1
20 verbose linkBins notifsta_webclient@0.0.1
21 verbose linkMans notifsta_webclient@0.0.1
22 verbose rebuildBundles notifsta_webclient@0.0.1
23 verbose rebuildBundles [ 'grunt',
23 verbose rebuildBundles   'grunt-angular-templates',
23 verbose rebuildBundles   'grunt-contrib-concat',
23 verbose rebuildBundles   'grunt-contrib-cssmin',
23 verbose rebuildBundles   'grunt-contrib-uglify',
23 verbose rebuildBundles   'grunt-ng-annotate',
23 verbose rebuildBundles   'grunt-usemin' ]
24 info install notifsta_webclient@0.0.1
25 info postinstall notifsta_webclient@0.0.1
26 verbose unsafe-perm in lifecycle true
27 info notifsta_webclient@0.0.1 Failed to exec postinstall script
28 error notifsta_webclient@0.0.1 postinstall: `grunt install`
28 error Exit status 3
29 error Failed at the notifsta_webclient@0.0.1 postinstall script.
29 error This is most likely a problem with the notifsta_webclient package,
29 error not with npm itself.
29 error Tell the author that this fails on your system:
29 error     grunt install
29 error You can get their info via:
29 error     npm owner ls notifsta_webclient
29 error There is likely additional logging output above.
30 error System Windows_NT 6.2.9200
31 error command "C:\\Program Files (x86)\\nodejs\\node.exe" "C:\\Program Files (x86)\\nodejs\\node_modules\\npm\\bin\\npm-cli.js" "install"
32 error cwd C:\Users\Anthony\Documents\GitHub\notifsta_webclient
33 error node -v v0.10.31
34 error npm -v 1.4.23
35 error code ELIFECYCLE
36 verbose exit [ 1, true ]
